<?xml version="1.0" encoding="UTF-8"?>
<testsuite timestamp="2019-01-16T21:51:23.864Z" xmlns:xsi="http://www.w3.org/2001/XMLSchema-instance" xsi:noNamespaceSchemaLocation="https://maven.apache.org/surefire/maven-surefire-plugin/xsd/surefire-test-report.xsd" name="uitest.tests.Test1(Chrome)" time="9.747" tests="2" errors="0" skipped="0" failures="0">
  <properties>
[...]
</properties>
  <testcase name="AddItemToCartTestCase" classname="uitest.tests.Test1(Chrome)" time="1.458"/>
  <testcase name="SearchForItemTestCase" classname="uitest.tests.Test1(Chrome)" time="1.02"/>
</testsuite>