<?xml version="1.0" encoding="UTF-8"?>
<testng-results ignored="0" total="2" passed="2" failed="0" skipped="0">
  <reporter-output>
  </reporter-output>
  <suite started-at="2019-01-16T21:51:30Z" name="Surefire suite" finished-at="2019-01-16T21:51:39Z" duration-ms="8740">
    <groups>
    </groups>
    <test started-at="2019-01-16T21:51:30Z" name="Surefire test" finished-at="2019-01-16T21:51:39Z" duration-ms="8740">
      <class name="uitest.tests.Test1">
        <test-method is-config="true" signature="initTestSuite()[pri:0, instance:uitest.tests.Test1@659a969b]" started-at="2019-01-16T21:51:30Z" name="initTestSuite" finished-at="2019-01-16T21:51:30Z" duration-ms="71" status="PASS">
          <reporter-output>
          </reporter-output>
        </test-method> <!-- initTestSuite -->
        <test-method is-config="true" signature="initWebDriver()[pri:0, instance:uitest.tests.Test1@659a969b]" started-at="2019-01-16T21:51:30Z" name="initWebDriver" finished-at="2019-01-16T21:51:33Z" duration-ms="2625" status="PASS">
          <reporter-output>
          </reporter-output>
        </test-method> <!-- initWebDriver -->
        <test-method signature="AddItemToCartTestCase()[pri:0, instance:uitest.tests.Test1@659a969b]" started-at="2019-01-16T21:51:33Z" name="AddItemToCartTestCase" finished-at="2019-01-16T21:51:34Z" duration-ms="1453" status="PASS">
          <reporter-output>
          </reporter-output>
        </test-method> <!-- AddItemToCartTestCase -->
        <test-method is-config="true" signature="tearDownWebDriver()[pri:0, instance:uitest.tests.Test1@659a969b]" started-at="2019-01-16T21:51:34Z" name="tearDownWebDriver" finished-at="2019-01-16T21:51:35Z" duration-ms="756" status="PASS">
          <reporter-output>
          </reporter-output>
        </test-method> <!-- tearDownWebDriver -->
        <test-method is-config="true" signature="initWebDriver()[pri:0, instance:uitest.tests.Test1@659a969b]" started-at="2019-01-16T21:51:35Z" name="initWebDriver" finished-at="2019-01-16T21:51:37Z" duration-ms="2163" status="PASS">
          <reporter-output>
          </reporter-output>
        </test-method> <!-- initWebDriver -->
        <test-method signature="SearchForItemTestCase()[pri:0, instance:uitest.tests.Test1@659a969b]" started-at="2019-01-16T21:51:37Z" name="SearchForItemTestCase" finished-at="2019-01-16T21:51:38Z" duration-ms="1020" status="PASS">
          <reporter-output>
          </reporter-output>
        </test-method> <!-- SearchForItemTestCase -->
        <test-method is-config="true" signature="tearDownWebDriver()[pri:0, instance:uitest.tests.Test1@659a969b]" started-at="2019-01-16T21:51:38Z" name="tearDownWebDriver" finished-at="2019-01-16T21:51:39Z" duration-ms="701" status="PASS">
          <reporter-output>
          </reporter-output>
        </test-method> <!-- tearDownWebDriver -->
        <test-method is-config="true" signature="tearDown()[pri:0, instance:uitest.tests.Test1@659a969b]" started-at="2019-01-16T21:51:39Z" name="tearDown" finished-at="2019-01-16T21:51:39Z" duration-ms="2" status="PASS">
          <reporter-output>
          </reporter-output>
        </test-method> <!-- tearDown -->
      </class> <!-- uitest.tests.Test1 -->
    </test> <!-- Surefire test -->
  </suite> <!-- Surefire suite -->
</testng-results>
